09-29 12:30:45 replicate_layout.action_replicate_layout 305:Plugin executed on: 'darwin'
09-29 12:30:45 replicate_layout.action_replicate_layout 306:Plugin executed with python version: '2.7.16 (default, Nov 25 2019, 22:14:07) \n[GCC 4.2.1 Compatible Apple LLVM 9.0.0 (clang-900.0.39.2)]'
09-29 12:30:45 replicate_layout.action_replicate_layout 307:KiCad build version: Unknown
09-29 12:30:45 replicate_layout.action_replicate_layout 308:Replicate layout plugin version: 68 started
09-29 12:30:45 replicate_layout.action_replicate_layout 319:wx top level windows: wxWindowList: [<wx._windows.Frame; proxy of <Swig Object of type 'wxFrame *' at 0x7fb99e008c00> >, <wx._windows.MiniFrame; proxy of <Swig Object of type 'wxMiniFrame *' at 0x7fb99b71a740> >, <wx._windows.Frame; proxy of <Swig Object of type 'wxFrame *' at 0x7fb99ba05a00> >, <wx._windows.MiniFrame; proxy of <Swig Object of type 'wxMiniFrame *' at 0x7fb99a6f42c0> >, <wx._windows.Frame; proxy of <Swig Object of type 'wxFrame *' at 0x7fb99e88f000> >, <wx._windows.MiniFrame; proxy of <Swig Object of type 'wxMiniFrame *' at 0x7fb99a6f79f0> >, <wx._windows.MiniFrame; proxy of <Swig Object of type 'wxMiniFrame *' at 0x7fb99c9a3c10> >, <wx._windows.Dialog; proxy of <Swig Object of type 'wxDialog *' at 0x7fb99e5de200> >]
09-29 12:30:45 replicate_layout.action_replicate_layout 343:Preparing replicator with U1 as a reference
09-29 12:30:45 replicate_layout.replicatelayout 215:getting project hierarchy from schematics
09-29 12:30:45 replicate_layout.replicatelayout 217:Project hierarchy looks like:
{u'6154CD5D': [u'sheet6154CD5B', u'/Users/me/Documents/development/synkie(github)/kicad/sk502-vco-triple/sk502-vco.sch'], u'615448B6': [u'vc01', u'/Users/me/Documents/development/synkie(github)/kicad/sk502-vco-triple/sk502-vco.sch'], u'6154CE06': [u'sheet6154CE04', u'/Users/me/Documents/development/synkie(github)/kicad/sk502-vco-triple/sk502-vco.sch']}
09-29 12:30:45 replicate_layout.replicatelayout 225:getting a list of all footprints on board
09-29 12:30:45 replicate_layout.action_replicate_layout 370:source anchor footprint is u'U1'
Located on:[u'vc01']
With filenames:[u'sk502-vco.sch']
With sheet_id:[u'vc01']
09-29 12:30:45 replicate_layout.action_replicate_layout 374:Corresponding footprints are 
[(u'U5', [u'sheet6154CE04']), (u'U3', [u'sheet6154CD5B']), (u'U1', [u'vc01'])]
09-29 12:30:45 replicate_layout.action_replicate_layout 387:Showing dialog
09-29 12:30:46 replicate_layout.action_replicate_layout 391:Pcbnew position: wx.Point(0, 23)
09-29 12:30:46 replicate_layout.action_replicate_layout 397:Display 0: wx.Rect(0, 0, 1792, 1120)
09-29 12:30:46 replicate_layout.action_replicate_layout 401:Toolbar position: wx.Point(1590, 123)
09-29 12:30:46 replicate_layout.action_replicate_layout 408:Dialog position: wx.Point(1277, 123)
09-29 12:30:48 replicate_layout.replicatelayout 249:construcing a list of sheets suitable for replication on level:u'vc01', file:u'sk502-vco.sch'
09-29 12:30:48 replicate_layout.replicatelayout 256:Source sheet path up to the level:[u'vc01']
09-29 12:30:48 replicate_layout.replicatelayout 260:Footprints on the sheets:
[u'U5', u'U3', u'U1']
09-29 12:30:48 replicate_layout.replicatelayout 263:Footprints raw sheet ids:
[u'/6154CE06/6148B178', u'/6154CD5D/6148B178', u'/615448B6/6148B178']
09-29 12:30:48 replicate_layout.replicatelayout 279:All sheets to replicate:
[[u'sheet6154CE04'], [u'sheet6154CD5B'], [u'vc01']]
09-29 12:30:48 replicate_layout.replicatelayout 284:All sheets to replicate sorted:
[[u'sheet6154CD5B'], [u'sheet6154CE04'], [u'vc01']]
09-29 12:30:48 replicate_layout.replicatelayout 290:All sheets to replicate sorted and without source sheet:
[[u'sheet6154CD5B'], [u'sheet6154CE04']]
09-29 12:30:50 replicate_layout.replicatelayout 249:construcing a list of sheets suitable for replication on level:u'vc01', file:u'sk502-vco.sch'
09-29 12:30:50 replicate_layout.replicatelayout 256:Source sheet path up to the level:[u'vc01']
09-29 12:30:50 replicate_layout.replicatelayout 260:Footprints on the sheets:
[u'U5', u'U3', u'U1']
09-29 12:30:50 replicate_layout.replicatelayout 263:Footprints raw sheet ids:
[u'/6154CE06/6148B178', u'/6154CD5D/6148B178', u'/615448B6/6148B178']
09-29 12:30:50 replicate_layout.replicatelayout 279:All sheets to replicate:
[[u'sheet6154CE04'], [u'sheet6154CD5B'], [u'vc01']]
09-29 12:30:50 replicate_layout.replicatelayout 284:All sheets to replicate sorted:
[[u'sheet6154CD5B'], [u'sheet6154CE04'], [u'vc01']]
09-29 12:30:50 replicate_layout.replicatelayout 290:All sheets to replicate sorted and without source sheet:
[[u'sheet6154CD5B'], [u'sheet6154CE04']]
09-29 12:30:50 replicate_layout.action_replicate_layout 179:Replicating layout
09-29 12:30:50 replicate_layout.replicatelayout 990:Starting replication of sheets: [[u'sheet6154CD5B'], [u'sheet6154CE04']]
on level: [u'vc01']
with tracks=True, zone=True, text=True, containing=True, remove=False, locked=False
09-29 12:30:50 root 261:updating GUI message: 'Preparing for replication'
09-29 12:30:50 replicate_layout.replicatelayout 556:Getting the list of source footprints
09-29 12:30:50 root 266:updating GUI with: 0
09-29 12:30:50 replicate_layout.replicatelayout 560:Getting the list of all the remaining footprints
09-29 12:30:50 replicate_layout.replicatelayout 564:Getting nets local to source footprints
09-29 12:30:50 replicate_layout.replicatelayout 568:Getting source bounding box
09-29 12:30:50 root 266:updating GUI with: 37
09-29 12:30:50 replicate_layout.replicatelayout 572:Getting source tracks
09-29 12:30:50 replicate_layout.replicatelayout 576:Getting source zones
09-29 12:30:50 root 266:updating GUI with: 62
09-29 12:30:50 replicate_layout.replicatelayout 580:Getting source text items
09-29 12:30:50 replicate_layout.replicatelayout 584:Getting source text items
09-29 12:30:50 root 261:updating GUI message: 'Replicating footprints'
09-29 12:30:50 replicate_layout.replicatelayout 590:Replicating footprints
09-29 12:30:50 replicate_layout.replicatelayout 596:Replicating footprints on sheet [u'sheet6154CD5B']
09-29 12:30:51 root 266:updating GUI with: 18
09-29 12:30:51 root 266:updating GUI with: 49
09-29 12:30:51 replicate_layout.replicatelayout 596:Replicating footprints on sheet [u'sheet6154CE04']
09-29 12:30:51 root 266:updating GUI with: 74
09-29 12:30:51 root 261:updating GUI message: 'Replicating tracks'
09-29 12:30:51 replicate_layout.replicatelayout 716:Replicating tracks
09-29 12:30:51 root 266:updating GUI with: 0
09-29 12:30:51 replicate_layout.replicatelayout 722:Replicating tracks on sheet [u'sheet6154CD5B']
09-29 12:30:51 root 266:updating GUI with: 30
09-29 12:30:51 replicate_layout.replicatelayout 722:Replicating tracks on sheet [u'sheet6154CE04']
09-29 12:30:51 root 266:updating GUI with: 50
09-29 12:30:51 root 261:updating GUI message: 'Replicating zones'
09-29 12:30:51 replicate_layout.replicatelayout 767:Replicating zones
09-29 12:30:51 replicate_layout.replicatelayout 774:Replicating zones on sheet [u'sheet6154CD5B']
09-29 12:30:51 root 266:updating GUI with: 50
09-29 12:30:51 replicate_layout.replicatelayout 774:Replicating zones on sheet [u'sheet6154CE04']
09-29 12:30:51 root 261:updating GUI message: 'Replicating text'
09-29 12:30:51 replicate_layout.replicatelayout 833:Replicating text
09-29 12:30:51 root 266:updating GUI with: 0
09-29 12:30:51 replicate_layout.replicatelayout 840:Replicating text on sheet [u'sheet6154CD5B']
09-29 12:30:51 replicate_layout.replicatelayout 840:Replicating text on sheet [u'sheet6154CE04']
09-29 12:30:51 root 261:updating GUI message: 'Replicating drawings'
09-29 12:30:51 replicate_layout.replicatelayout 864:Replicating drawings
09-29 12:30:51 root 266:updating GUI with: 0
09-29 12:30:51 replicate_layout.replicatelayout 870:Replicating drawings on sheet [u'sheet6154CD5B']
09-29 12:30:51 replicate_layout.replicatelayout 870:Replicating drawings on sheet [u'sheet6154CE04']
09-29 12:30:51 replicate_layout.action_replicate_layout 201:Replication complete
